# JRE version: OpenJDK Runtime Environment (8.0_242-b01) (build 1.8.0_242-release-1644-b01)
# Java VM: OpenJDK 64-Bit Server VM (25.242-b01 mixed mode windows-amd64 compressed oops)
Heap:
 PSYoungGen      total 251392K, used 196940K [0x00000000d5580000, 0x00000000e6880000, 0x0000000100000000)
  eden space 232960K, 84% used [0x00000000d5580000,0x00000000e15d3158,0x00000000e3900000)
  from space 18432K, 0% used [0x00000000e5000000,0x00000000e5000000,0x00000000e6200000)
  to   space 23552K, 0% used [0x00000000e3900000,0x00000000e3900000,0x00000000e5000000)
 ParOldGen       total 125952K, used 40062K [0x0000000080000000, 0x0000000087b00000, 0x00000000d5580000)
  object space 125952K, 31% used [0x0000000080000000,0x000000008271fb48,0x0000000087b00000)
 Metaspace       used 62600K, capacity 65532K, committed 65704K, reserved 1105920K
  class space    used 8535K, capacity 9268K, committed 9392K, reserved 1048576K
GC Heap History (10 events):
Event: 7.407 GC heap before
{Heap before GC invocations=9 (full 1):
 PSYoungGen      total 142336K, used 24041K [0x00000000d5580000, 0x00000000e1880000, 0x0000000100000000)
  eden space 130048K, 9% used [0x00000000d5580000,0x00000000d61003d8,0x00000000dd480000)
  from space 12288K, 99% used [0x00000000dd480000,0x00000000de07a390,0x00000000de080000)
  to   space 14848K, 0% used [0x00000000e0a00000,0x00000000e0a00000,0x00000000e1880000)
 ParOldGen       total 64512K, used 12443K [0x0000000080000000, 0x0000000083f00000, 0x00000000d5580000)
  object space 64512K, 19% used [0x0000000080000000,0x0000000080c26e88,0x0000000083f00000)
 Metaspace       used 34376K, capacity 35440K, committed 35496K, reserved 1079296K
  class space    used 4717K, capacity 5021K, committed 5040K, reserved 1048576K
Event: 7.423 GC heap after
Heap after GC invocations=9 (full 1):
 PSYoungGen      total 184832K, used 9920K [0x00000000d5580000, 0x00000000e5900000, 0x0000000100000000)
  eden space 169984K, 0% used [0x00000000d5580000,0x00000000d5580000,0x00000000dfb80000)
  from space 14848K, 66% used [0x00000000e0a00000,0x00000000e13b0000,0x00000000e1880000)
  to   space 14848K, 0% used [0x00000000dfb80000,0x00000000dfb80000,0x00000000e0a00000)
 ParOldGen       total 64512K, used 12451K [0x0000000080000000, 0x0000000083f00000, 0x00000000d5580000)
  object space 64512K, 19% used [0x0000000080000000,0x0000000080c28e88,0x0000000083f00000)
 Metaspace       used 34376K, capacity 35440K, committed 35496K, reserved 1079296K
  class space    used 4717K, capacity 5021K, committed 5040K, reserved 1048576K
}
Event: 7.423 GC heap before
{Heap before GC invocations=10 (full 2):
 PSYoungGen      total 184832K, used 9920K [0x00000000d5580000, 0x00000000e5900000, 0x0000000100000000)
  eden space 169984K, 0% used [0x00000000d5580000,0x00000000d5580000,0x00000000dfb80000)
  from space 14848K, 66% used [0x00000000e0a00000,0x00000000e13b0000,0x00000000e1880000)
  to   space 14848K, 0% used [0x00000000dfb80000,0x00000000dfb80000,0x00000000e0a00000)
 ParOldGen       total 64512K, used 12451K [0x0000000080000000, 0x0000000083f00000, 0x00000000d5580000)
  object space 64512K, 19% used [0x0000000080000000,0x0000000080c28e88,0x0000000083f00000)
 Metaspace       used 34376K, capacity 35440K, committed 35496K, reserved 1079296K
  class space    used 4717K, capacity 5021K, committed 5040K, reserved 1048576K
Event: 7.500 GC heap after
Heap after GC invocations=10 (full 2):
 PSYoungGen      total 184832K, used 0K [0x00000000d5580000, 0x00000000e5900000, 0x0000000100000000)
  eden space 169984K, 0% used [0x00000000d5580000,0x00000000d5580000,0x00000000dfb80000)
  from space 14848K, 0% used [0x00000000e0a00000,0x00000000e0a00000,0x00000000e1880000)
  to   space 14848K, 0% used [0x00000000dfb80000,0x00000000dfb80000,0x00000000e0a00000)
 ParOldGen       total 82944K, used 16891K [0x0000000080000000, 0x0000000085100000, 0x00000000d5580000)
  object space 82944K, 20% used [0x0000000080000000,0x000000008107edb8,0x0000000085100000)
 Metaspace       used 34376K, capacity 35440K, committed 35496K, reserved 1079296K
  class space    used 4717K, capacity 5021K, committed 5040K, reserved 1048576K
}
Event: 10.891 GC heap before
{Heap before GC invocations=11 (full 2):
 PSYoungGen      total 184832K, used 169984K [0x00000000d5580000, 0x00000000e5900000, 0x0000000100000000)
  eden space 169984K, 100% used [0x00000000d5580000,0x00000000dfb80000,0x00000000dfb80000)
  from space 14848K, 0% used [0x00000000e0a00000,0x00000000e0a00000,0x00000000e1880000)
  to   space 14848K, 0% used [0x00000000dfb80000,0x00000000dfb80000,0x00000000e0a00000)
 ParOldGen       total 82944K, used 16891K [0x0000000080000000, 0x0000000085100000, 0x00000000d5580000)
  object space 82944K, 20% used [0x0000000080000000,0x000000008107edb8,0x0000000085100000)
 Metaspace       used 46114K, capacity 47996K, committed 48296K, reserved 1091584K
  class space    used 6246K, capacity 6709K, committed 6832K, reserved 1048576K
Event: 10.929 GC heap after
Heap after GC invocations=11 (full 2):
 PSYoungGen      total 184832K, used 14826K [0x00000000d5580000, 0x00000000e6200000, 0x0000000100000000)
  eden space 169984K, 0% used [0x00000000d5580000,0x00000000d5580000,0x00000000dfb80000)
  from space 14848K, 99% used [0x00000000dfb80000,0x00000000e09fab68,0x00000000e0a00000)
  to   space 18432K, 0% used [0x00000000e5000000,0x00000000e5000000,0x00000000e6200000)
 ParOldGen       total 82944K, used 20785K [0x0000000080000000, 0x0000000085100000, 0x00000000d5580000)
  object space 82944K, 25% used [0x0000000080000000,0x000000008144c6a0,0x0000000085100000)
 Metaspace       used 46114K, capacity 47996K, committed 48296K, reserved 1091584K
  class space    used 6246K, capacity 6709K, committed 6832K, reserved 1048576K
}
Event: 13.626 GC heap before
{Heap before GC invocations=12 (full 2):
 PSYoungGen      total 184832K, used 133659K [0x00000000d5580000, 0x00000000e6200000, 0x0000000100000000)
  eden space 169984K, 69% used [0x00000000d5580000,0x00000000dc98c480,0x00000000dfb80000)
  from space 14848K, 99% used [0x00000000dfb80000,0x00000000e09fab68,0x00000000e0a00000)
  to   space 18432K, 0% used [0x00000000e5000000,0x00000000e5000000,0x00000000e6200000)
 ParOldGen       total 82944K, used 20785K [0x0000000080000000, 0x0000000085100000, 0x00000000d5580000)
  object space 82944K, 25% used [0x0000000080000000,0x000000008144c6a0,0x0000000085100000)
 Metaspace       used 56773K, capacity 59036K, committed 59160K, reserved 1099776K
  class space    used 7694K, capacity 8245K, committed 8368K, reserved 1048576K
Event: 13.662 GC heap after
Heap after GC invocations=12 (full 2):
 PSYoungGen      total 251392K, used 18406K [0x00000000d5580000, 0x00000000e6880000, 0x0000000100000000)
  eden space 232960K, 0% used [0x00000000d5580000,0x00000000d5580000,0x00000000e3900000)
  from space 18432K, 99% used [0x00000000e5000000,0x00000000e61f9b60,0x00000000e6200000)
  to   space 23552K, 0% used [0x00000000e3900000,0x00000000e3900000,0x00000000e5000000)
 ParOldGen       total 82944K, used 27556K [0x0000000080000000, 0x0000000085100000, 0x00000000d5580000)
  object space 82944K, 33% used [0x0000000080000000,0x0000000081ae90e0,0x0000000085100000)
 Metaspace       used 56773K, capacity 59036K, committed 59160K, reserved 1099776K
  class space    used 7694K, capacity 8245K, committed 8368K, reserved 1048576K
}
Event: 13.662 GC heap before
{Heap before GC invocations=13 (full 3):
 PSYoungGen      total 251392K, used 18406K [0x00000000d5580000, 0x00000000e6880000, 0x0000000100000000)
  eden space 232960K, 0% used [0x00000000d5580000,0x00000000d5580000,0x00000000e3900000)
  from space 18432K, 99% used [0x00000000e5000000,0x00000000e61f9b60,0x00000000e6200000)
  to   space 23552K, 0% used [0x00000000e3900000,0x00000000e3900000,0x00000000e5000000)
 ParOldGen       total 82944K, used 27556K [0x0000000080000000, 0x0000000085100000, 0x00000000d5580000)
  object space 82944K, 33% used [0x0000000080000000,0x0000000081ae90e0,0x0000000085100000)
 Metaspace       used 56773K, capacity 59036K, committed 59160K, reserved 1099776K
  class space    used 7694K, capacity 8245K, committed 8368K, reserved 1048576K
Event: 13.983 GC heap after
Heap after GC invocations=13 (full 3):
 PSYoungGen      total 251392K, used 0K [0x00000000d5580000, 0x00000000e6880000, 0x0000000100000000)
  eden space 232960K, 0% used [0x00000000d5580000,0x00000000d5580000,0x00000000e3900000)
  from space 18432K, 0% used [0x00000000e5000000,0x00000000e5000000,0x00000000e6200000)
  to   space 23552K, 0% used [0x00000000e3900000,0x00000000e3900000,0x00000000e5000000)
 ParOldGen       total 125952K, used 40062K [0x0000000080000000, 0x0000000087b00000, 0x00000000d5580000)
  object space 125952K, 31% used [0x0000000080000000,0x000000008271fb48,0x0000000087b00000)
 Metaspace       used 56755K, capacity 58976K, committed 59160K, reserved 1099776K
  class space    used 7689K, capacity 8235K, committed 8368K, reserved 1048576K
}

