# JRE version: OpenJDK Runtime Environment (8.0_242-b01) (build 1.8.0_242-release-1644-b01)
# Java VM: OpenJDK 64-Bit Server VM (25.242-b01 mixed mode windows-amd64 compressed oops)
Heap:
 PSYoungGen      total 573952K, used 396648K [0x00000000d5580000, 0x00000000ff980000, 0x0000000100000000)
  eden space 457728K, 82% used [0x00000000d5580000,0x00000000ec4b36c0,0x00000000f1480000)
  from space 116224K, 17% used [0x00000000f1480000,0x00000000f28a69e8,0x00000000f8600000)
  to   space 110080K, 0% used [0x00000000f8e00000,0x00000000f8e00000,0x00000000ff980000)
 ParOldGen       total 492544K, used 292929K [0x0000000080000000, 0x000000009e100000, 0x00000000d5580000)
  object space 492544K, 59% used [0x0000000080000000,0x0000000091e10680,0x000000009e100000)
 Metaspace       used 122050K, capacity 130702K, committed 132760K, reserved 1165312K
  class space    used 15408K, capacity 16986K, committed 17576K, reserved 1048576K
GC Heap History (10 events):
Event: 6937.993 GC heap before
{Heap before GC invocations=66 (full 7):
 PSYoungGen      total 539648K, used 451093K [0x00000000d5580000, 0x00000000fec80000, 0x0000000100000000)
  eden space 420864K, 100% used [0x00000000d5580000,0x00000000ef080000,0x00000000ef080000)
  from space 118784K, 25% used [0x00000000f7880000,0x00000000f9605400,0x00000000fec80000)
  to   space 129024K, 0% used [0x00000000ef080000,0x00000000ef080000,0x00000000f6e80000)
 ParOldGen       total 492544K, used 261691K [0x0000000080000000, 0x000000009e100000, 0x00000000d5580000)
  object space 492544K, 53% used [0x0000000080000000,0x000000008ff8ed00,0x000000009e100000)
 Metaspace       used 121766K, capacity 130262K, committed 132504K, reserved 1165312K
  class space    used 15370K, capacity 16932K, committed 17576K, reserved 1048576K
Event: 6938.173 GC heap after
Heap after GC invocations=66 (full 7):
 PSYoungGen      total 549888K, used 19010K [0x00000000d5580000, 0x0000000100000000, 0x0000000100000000)
  eden space 420864K, 0% used [0x00000000d5580000,0x00000000d5580000,0x00000000ef080000)
  from space 129024K, 14% used [0x00000000ef080000,0x00000000f0310a40,0x00000000f6e80000)
  to   space 125440K, 0% used [0x00000000f8580000,0x00000000f8580000,0x0000000100000000)
 ParOldGen       total 492544K, used 272602K [0x0000000080000000, 0x000000009e100000, 0x00000000d5580000)
  object space 492544K, 55% used [0x0000000080000000,0x0000000090a368a0,0x000000009e100000)
 Metaspace       used 121766K, capacity 130262K, committed 132504K, reserved 1165312K
  class space    used 15370K, capacity 16932K, committed 17576K, reserved 1048576K
}
Event: 6939.847 GC heap before
{Heap before GC invocations=67 (full 7):
 PSYoungGen      total 549888K, used 439874K [0x00000000d5580000, 0x0000000100000000, 0x0000000100000000)
  eden space 420864K, 100% used [0x00000000d5580000,0x00000000ef080000,0x00000000ef080000)
  from space 129024K, 14% used [0x00000000ef080000,0x00000000f0310a40,0x00000000f6e80000)
  to   space 125440K, 0% used [0x00000000f8580000,0x00000000f8580000,0x0000000100000000)
 ParOldGen       total 492544K, used 272602K [0x0000000080000000, 0x000000009e100000, 0x00000000d5580000)
  object space 492544K, 55% used [0x0000000080000000,0x0000000090a368a0,0x000000009e100000)
 Metaspace       used 121766K, capacity 130262K, committed 132504K, reserved 1165312K
  class space    used 15370K, capacity 16932K, committed 17576K, reserved 1048576K
Event: 6940.787 GC heap after
Heap after GC invocations=67 (full 7):
 PSYoungGen      total 560128K, used 9663K [0x00000000d5580000, 0x00000000ff680000, 0x0000000100000000)
  eden space 444416K, 0% used [0x00000000d5580000,0x00000000d5580000,0x00000000f0780000)
  from space 115712K, 8% used [0x00000000f8580000,0x00000000f8eeffc8,0x00000000ff680000)
  to   space 122368K, 0% used [0x00000000f0780000,0x00000000f0780000,0x00000000f7f00000)
 ParOldGen       total 492544K, used 284576K [0x0000000080000000, 0x000000009e100000, 0x00000000d5580000)
  object space 492544K, 57% used [0x0000000080000000,0x00000000915e8328,0x000000009e100000)
 Metaspace       used 121766K, capacity 130262K, committed 132504K, reserved 1165312K
  class space    used 15370K, capacity 16932K, committed 17576K, reserved 1048576K
}
Event: 6953.534 GC heap before
{Heap before GC invocations=68 (full 7):
 PSYoungGen      total 560128K, used 454079K [0x00000000d5580000, 0x00000000ff680000, 0x0000000100000000)
  eden space 444416K, 100% used [0x00000000d5580000,0x00000000f0780000,0x00000000f0780000)
  from space 115712K, 8% used [0x00000000f8580000,0x00000000f8eeffc8,0x00000000ff680000)
  to   space 122368K, 0% used [0x00000000f0780000,0x00000000f0780000,0x00000000f7f00000)
 ParOldGen       total 492544K, used 284576K [0x0000000080000000, 0x000000009e100000, 0x00000000d5580000)
  object space 492544K, 57% used [0x0000000080000000,0x00000000915e8328,0x000000009e100000)
 Metaspace       used 121775K, capacity 130326K, committed 132504K, reserved 1165312K
  class space    used 15370K, capacity 16932K, committed 17576K, reserved 1048576K
Event: 6955.242 GC heap after
Heap after GC invocations=68 (full 7):
 PSYoungGen      total 566784K, used 12261K [0x00000000d5580000, 0x00000000fff80000, 0x0000000100000000)
  eden space 444416K, 0% used [0x00000000d5580000,0x00000000d5580000,0x00000000f0780000)
  from space 122368K, 10% used [0x00000000f0780000,0x00000000f13797a8,0x00000000f7f00000)
  to   space 118784K, 0% used [0x00000000f8b80000,0x00000000f8b80000,0x00000000fff80000)
 ParOldGen       total 492544K, used 286253K [0x0000000080000000, 0x000000009e100000, 0x00000000d5580000)
  object space 492544K, 58% used [0x0000000080000000,0x000000009178b660,0x000000009e100000)
 Metaspace       used 121775K, capacity 130326K, committed 132504K, reserved 1165312K
  class space    used 15370K, capacity 16932K, committed 17576K, reserved 1048576K
}
Event: 6964.140 GC heap before
{Heap before GC invocations=69 (full 7):
 PSYoungGen      total 566784K, used 456677K [0x00000000d5580000, 0x00000000fff80000, 0x0000000100000000)
  eden space 444416K, 100% used [0x00000000d5580000,0x00000000f0780000,0x00000000f0780000)
  from space 122368K, 10% used [0x00000000f0780000,0x00000000f13797a8,0x00000000f7f00000)
  to   space 118784K, 0% used [0x00000000f8b80000,0x00000000f8b80000,0x00000000fff80000)
 ParOldGen       total 492544K, used 286253K [0x0000000080000000, 0x000000009e100000, 0x00000000d5580000)
  object space 492544K, 58% used [0x0000000080000000,0x000000009178b660,0x000000009e100000)
 Metaspace       used 121801K, capacity 130328K, committed 132504K, reserved 1165312K
  class space    used 15373K, capacity 16933K, committed 17576K, reserved 1048576K
Event: 6964.623 GC heap after
Heap after GC invocations=69 (full 7):
 PSYoungGen      total 568320K, used 3782K [0x00000000d5580000, 0x00000000ff780000, 0x0000000100000000)
  eden space 457728K, 0% used [0x00000000d5580000,0x00000000d5580000,0x00000000f1480000)
  from space 110592K, 3% used [0x00000000f8b80000,0x00000000f8f31b70,0x00000000ff780000)
  to   space 116224K, 0% used [0x00000000f1480000,0x00000000f1480000,0x00000000f8600000)
 ParOldGen       total 492544K, used 292173K [0x0000000080000000, 0x000000009e100000, 0x00000000d5580000)
  object space 492544K, 59% used [0x0000000080000000,0x0000000091d53508,0x000000009e100000)
 Metaspace       used 121801K, capacity 130328K, committed 132504K, reserved 1165312K
  class space    used 15373K, capacity 16933K, committed 17576K, reserved 1048576K
}
Event: 6966.405 GC heap before
{Heap before GC invocations=70 (full 7):
 PSYoungGen      total 568320K, used 461510K [0x00000000d5580000, 0x00000000ff780000, 0x0000000100000000)
  eden space 457728K, 100% used [0x00000000d5580000,0x00000000f1480000,0x00000000f1480000)
  from space 110592K, 3% used [0x00000000f8b80000,0x00000000f8f31b70,0x00000000ff780000)
  to   space 116224K, 0% used [0x00000000f1480000,0x00000000f1480000,0x00000000f8600000)
 ParOldGen       total 492544K, used 292173K [0x0000000080000000, 0x000000009e100000, 0x00000000d5580000)
  object space 492544K, 59% used [0x0000000080000000,0x0000000091d53508,0x000000009e100000)
 Metaspace       used 121982K, capacity 130594K, committed 132760K, reserved 1165312K
  class space    used 15398K, capacity 16974K, committed 17576K, reserved 1048576K
Event: 6966.539 GC heap after
Heap after GC invocations=70 (full 7):
 PSYoungGen      total 573952K, used 20634K [0x00000000d5580000, 0x00000000ff980000, 0x0000000100000000)
  eden space 457728K, 0% used [0x00000000d5580000,0x00000000d5580000,0x00000000f1480000)
  from space 116224K, 17% used [0x00000000f1480000,0x00000000f28a69e8,0x00000000f8600000)
  to   space 110080K, 0% used [0x00000000f8e00000,0x00000000f8e00000,0x00000000ff980000)
 ParOldGen       total 492544K, used 292929K [0x0000000080000000, 0x000000009e100000, 0x00000000d5580000)
  object space 492544K, 59% used [0x0000000080000000,0x0000000091e10680,0x000000009e100000)
 Metaspace       used 121982K, capacity 130594K, committed 132760K, reserved 1165312K
  class space    used 15398K, capacity 16974K, committed 17576K, reserved 1048576K
}

