# JRE version: OpenJDK Runtime Environment (8.0_242-b01) (build 1.8.0_242-release-1644-b01)
# Java VM: OpenJDK 64-Bit Server VM (25.242-b01 mixed mode windows-amd64 compressed oops)
Heap:
 PSYoungGen      total 455680K, used 306841K [0x00000000d5580000, 0x00000000ffa80000, 0x0000000100000000)
  eden space 448512K, 66% used [0x00000000d5580000,0x00000000e7a8e330,0x00000000f0b80000)
  from space 7168K, 94% used [0x00000000f0b80000,0x00000000f1218250,0x00000000f1280000)
  to   space 122368K, 0% used [0x00000000f8300000,0x00000000f8300000,0x00000000ffa80000)
 ParOldGen       total 636928K, used 434989K [0x0000000080000000, 0x00000000a6e00000, 0x00000000d5580000)
  object space 636928K, 68% used [0x0000000080000000,0x000000009a8cb5b0,0x00000000a6e00000)
 Metaspace       used 193719K, capacity 204868K, committed 204968K, reserved 1228800K
  class space    used 22685K, capacity 24745K, committed 24752K, reserved 1048576K
GC Heap History (10 events):
Event: 10178.536 GC heap before
{Heap before GC invocations=156 (full 15):
 PSYoungGen      total 559104K, used 455222K [0x00000000d5580000, 0x00000000ff600000, 0x0000000100000000)
  eden space 446976K, 100% used [0x00000000d5580000,0x00000000f0a00000,0x00000000f0a00000)
  from space 112128K, 7% used [0x00000000f8880000,0x00000000f908db88,0x00000000ff600000)
  to   space 120832K, 0% used [0x00000000f0a00000,0x00000000f0a00000,0x00000000f8000000)
 ParOldGen       total 636928K, used 273898K [0x0000000080000000, 0x00000000a6e00000, 0x00000000d5580000)
  object space 636928K, 43% used [0x0000000080000000,0x0000000090b7a920,0x00000000a6e00000)
 Metaspace       used 189295K, capacity 200300K, committed 200488K, reserved 1224704K
  class space    used 22339K, capacity 24363K, committed 24368K, reserved 1048576K
Event: 10178.556 GC heap after
Heap after GC invocations=156 (full 15):
 PSYoungGen      total 567808K, used 8086K [0x00000000d5580000, 0x0000000100000000, 0x0000000100000000)
  eden space 446976K, 0% used [0x00000000d5580000,0x00000000d5580000,0x00000000f0a00000)
  from space 120832K, 6% used [0x00000000f0a00000,0x00000000f11e5b68,0x00000000f8000000)
  to   space 118272K, 0% used [0x00000000f8c80000,0x00000000f8c80000,0x0000000100000000)
 ParOldGen       total 636928K, used 280036K [0x0000000080000000, 0x00000000a6e00000, 0x00000000d5580000)
  object space 636928K, 43% used [0x0000000080000000,0x0000000091179230,0x00000000a6e00000)
 Metaspace       used 189295K, capacity 200300K, committed 200488K, reserved 1224704K
  class space    used 22339K, capacity 24363K, committed 24368K, reserved 1048576K
}
Event: 13489.487 GC heap before
{Heap before GC invocations=157 (full 15):
 PSYoungGen      total 567808K, used 455062K [0x00000000d5580000, 0x0000000100000000, 0x0000000100000000)
  eden space 446976K, 100% used [0x00000000d5580000,0x00000000f0a00000,0x00000000f0a00000)
  from space 120832K, 6% used [0x00000000f0a00000,0x00000000f11e5b68,0x00000000f8000000)
  to   space 118272K, 0% used [0x00000000f8c80000,0x00000000f8c80000,0x0000000100000000)
 ParOldGen       total 636928K, used 280036K [0x0000000080000000, 0x00000000a6e00000, 0x00000000d5580000)
  object space 636928K, 43% used [0x0000000080000000,0x0000000091179230,0x00000000a6e00000)
 Metaspace       used 193231K, capacity 204446K, committed 204456K, reserved 1228800K
  class space    used 22677K, capacity 24742K, committed 24752K, reserved 1048576K
Event: 13489.996 GC heap after
Heap after GC invocations=157 (full 15):
 PSYoungGen      total 563200K, used 26537K [0x00000000d5580000, 0x00000000ff180000, 0x0000000100000000)
  eden space 459776K, 0% used [0x00000000d5580000,0x00000000d5580000,0x00000000f1680000)
  from space 103424K, 25% used [0x00000000f8c80000,0x00000000fa66a670,0x00000000ff180000)
  to   space 112128K, 0% used [0x00000000f1680000,0x00000000f1680000,0x00000000f8400000)
 ParOldGen       total 636928K, used 281904K [0x0000000080000000, 0x00000000a6e00000, 0x00000000d5580000)
  object space 636928K, 44% used [0x0000000080000000,0x000000009134c3d8,0x00000000a6e00000)
 Metaspace       used 193231K, capacity 204446K, committed 204456K, reserved 1228800K
  class space    used 22677K, capacity 24742K, committed 24752K, reserved 1048576K
}
Event: 13497.120 GC heap before
{Heap before GC invocations=158 (full 15):
 PSYoungGen      total 563200K, used 486313K [0x00000000d5580000, 0x00000000ff180000, 0x0000000100000000)
  eden space 459776K, 100% used [0x00000000d5580000,0x00000000f1680000,0x00000000f1680000)
  from space 103424K, 25% used [0x00000000f8c80000,0x00000000fa66a670,0x00000000ff180000)
  to   space 112128K, 0% used [0x00000000f1680000,0x00000000f1680000,0x00000000f8400000)
 ParOldGen       total 636928K, used 281904K [0x0000000080000000, 0x00000000a6e00000, 0x00000000d5580000)
  object space 636928K, 44% used [0x0000000080000000,0x000000009134c3d8,0x00000000a6e00000)
 Metaspace       used 193593K, capacity 204718K, committed 204968K, reserved 1228800K
  class space    used 22678K, capacity 24742K, committed 24752K, reserved 1048576K
Event: 13500.381 GC heap after
Heap after GC invocations=158 (full 15):
 PSYoungGen      total 571904K, used 94560K [0x00000000d5580000, 0x0000000100000000, 0x0000000100000000)
  eden space 459776K, 0% used [0x00000000d5580000,0x00000000d5580000,0x00000000f1680000)
  from space 112128K, 84% used [0x00000000f1680000,0x00000000f72d8040,0x00000000f8400000)
  to   space 125952K, 0% used [0x00000000f8500000,0x00000000f8500000,0x0000000100000000)
 ParOldGen       total 636928K, used 303636K [0x0000000080000000, 0x00000000a6e00000, 0x00000000d5580000)
  object space 636928K, 47% used [0x0000000080000000,0x00000000928852a8,0x00000000a6e00000)
 Metaspace       used 193593K, capacity 204718K, committed 204968K, reserved 1228800K
  class space    used 22678K, capacity 24742K, committed 24752K, reserved 1048576K
}
Event: 13506.610 GC heap before
{Heap before GC invocations=159 (full 15):
 PSYoungGen      total 571904K, used 554336K [0x00000000d5580000, 0x0000000100000000, 0x0000000100000000)
  eden space 459776K, 100% used [0x00000000d5580000,0x00000000f1680000,0x00000000f1680000)
  from space 112128K, 84% used [0x00000000f1680000,0x00000000f72d8040,0x00000000f8400000)
  to   space 125952K, 0% used [0x00000000f8500000,0x00000000f8500000,0x0000000100000000)
 ParOldGen       total 636928K, used 303636K [0x0000000080000000, 0x00000000a6e00000, 0x00000000d5580000)
  object space 636928K, 47% used [0x0000000080000000,0x00000000928852a8,0x00000000a6e00000)
 Metaspace       used 193599K, capacity 204726K, committed 204968K, reserved 1228800K
  class space    used 22678K, capacity 24742K, committed 24752K, reserved 1048576K
Event: 13506.934 GC heap after
Heap after GC invocations=159 (full 15):
 PSYoungGen      total 574464K, used 59744K [0x00000000d5580000, 0x0000000100000000, 0x0000000100000000)
  eden space 448512K, 0% used [0x00000000d5580000,0x00000000d5580000,0x00000000f0b80000)
  from space 125952K, 47% used [0x00000000f8500000,0x00000000fbf58040,0x0000000100000000)
  to   space 124416K, 0% used [0x00000000f0b80000,0x00000000f0b80000,0x00000000f8500000)
 ParOldGen       total 636928K, used 385171K [0x0000000080000000, 0x00000000a6e00000, 0x00000000d5580000)
  object space 636928K, 60% used [0x0000000080000000,0x0000000097824f88,0x00000000a6e00000)
 Metaspace       used 193599K, capacity 204726K, committed 204968K, reserved 1228800K
  class space    used 22678K, capacity 24742K, committed 24752K, reserved 1048576K
}
Event: 13510.841 GC heap before
{Heap before GC invocations=160 (full 15):
 PSYoungGen      total 574464K, used 508256K [0x00000000d5580000, 0x0000000100000000, 0x0000000100000000)
  eden space 448512K, 100% used [0x00000000d5580000,0x00000000f0b80000,0x00000000f0b80000)
  from space 125952K, 47% used [0x00000000f8500000,0x00000000fbf58040,0x0000000100000000)
  to   space 124416K, 0% used [0x00000000f0b80000,0x00000000f0b80000,0x00000000f8500000)
 ParOldGen       total 636928K, used 385171K [0x0000000080000000, 0x00000000a6e00000, 0x00000000d5580000)
  object space 636928K, 60% used [0x0000000080000000,0x0000000097824f88,0x00000000a6e00000)
 Metaspace       used 193622K, capacity 204790K, committed 204968K, reserved 1228800K
  class space    used 22678K, capacity 24742K, committed 24752K, reserved 1048576K
Event: 13512.236 GC heap after
Heap after GC invocations=160 (full 15):
 PSYoungGen      total 455680K, used 6752K [0x00000000d5580000, 0x00000000ffa80000, 0x0000000100000000)
  eden space 448512K, 0% used [0x00000000d5580000,0x00000000d5580000,0x00000000f0b80000)
  from space 7168K, 94% used [0x00000000f0b80000,0x00000000f1218250,0x00000000f1280000)
  to   space 122368K, 0% used [0x00000000f8300000,0x00000000f8300000,0x00000000ffa80000)
 ParOldGen       total 636928K, used 434989K [0x0000000080000000, 0x00000000a6e00000, 0x00000000d5580000)
  object space 636928K, 68% used [0x0000000080000000,0x000000009a8cb5b0,0x00000000a6e00000)
 Metaspace       used 193622K, capacity 204790K, committed 204968K, reserved 1228800K
  class space    used 22678K, capacity 24742K, committed 24752K, reserved 1048576K
}

